<?xml version="1.0" encoding="UTF-8"?><testrun name="UserControllerTests" project="TrainTicketReservation" tests="1" started="1" failures="1" errors="0" ignored="0">
  <testsuite name="com.ticket.reserve.UserControllerTests" time="1.707" displayname="UserControllerTests" uniqueid="[engine:junit-jupiter]/[class:com.ticket.reserve.UserControllerTests]">
    <testcase name="createUser" classname="com.ticket.reserve.UserControllerTests" time="1.707" displayname="createUser()" uniqueid="[engine:junit-jupiter]/[class:com.ticket.reserve.UserControllerTests]/[method:createUser()]">
      <failure>java.lang.AssertionError: expected:&lt;201&gt; but was:&lt;200&gt;&#13;
	at org.junit.Assert.fail(Assert.java:89)&#13;
	at org.junit.Assert.failNotEquals(Assert.java:835)&#13;
	at org.junit.Assert.assertEquals(Assert.java:647)&#13;
	at org.junit.Assert.assertEquals(Assert.java:633)&#13;
	at com.ticket.reserve.UserControllerTests.createUser(UserControllerTests.java:33)&#13;
	at java.base/java.lang.reflect.Method.invoke(Method.java:568)&#13;
	at java.base/java.util.ArrayList.forEach(ArrayList.java:1511)&#13;
	at java.base/java.util.ArrayList.forEach(ArrayList.java:1511)&#13;
&#13;
</failure>
    </testcase>
  </testsuite>
</testrun>
